05:52:42.468 [main] INFO  HelperUtils.Parameters$ - Log data generator started...
05:52:42.692 [main] WARN  HelperUtils.Parameters$ - Max count 300 is used to create records instead of timeouts
05:52:44.585 [scala-execution-context-global-25] WARN  HelperUtils.Parameters$ - #wR7QX8^1Txx[d`KdE}H5wX5hcf0bg1cf3A6gX6ucf1y/pw>z4@g*f$IbRpBJr
05:52:45.825 [scala-execution-context-global-25] INFO  HelperUtils.Parameters$ - TX_vs/`UEH"\cLq[bbf0F8ucf2X5kS7sag1K7rE7wF9mYz2/YY4;[jVdWf9zX
05:52:47.475 [scala-execution-context-global-25] INFO  HelperUtils.Parameters$ - Nd\F[x',$KQtf9
05:52:49.449 [scala-execution-context-global-25] INFO  HelperUtils.Parameters$ - %@A6{33LvxjK{sz&:M8wE8ucg3V8lV6uv-@+Y^:o/S#j;q?i3
05:52:50.932 [scala-execution-context-global-25] WARN  HelperUtils.Parameters$ - lJI#KF~HG0I9lae2R6jce3af0O5sQ7tX6ucf3+xQa`7Jv|Q
05:52:52.638 [scala-execution-context-global-25] DEBUG HelperUtils.Parameters$ - T/V=eC,gmiQV*NHlh:3\"G%5~W)IhRf@q@IBVX"8eNdV
05:52:54.026 [scala-execution-context-global-25] INFO  HelperUtils.Parameters$ - 3)AL~X\[A=o^LfAHdeK0hXt:0urJ9iae3T5mcf0X6paf0A_Nx`6_&WGXm&8RZcI-P=]@X<of
05:52:55.372 [scala-execution-context-global-25] INFO  HelperUtils.Parameters$ - `HL:]a&G]-)S>.b5Z3V9uB"33:GH]YPAR,(]FF!I*l&rM9
05:52:57.150 [scala-execution-context-global-25] INFO  HelperUtils.Parameters$ - 0lh,X7{;q/%#!2bDu9TV_~jMw|Gr*3bx)r3K"oaf\15#koK~W#
05:52:59.038 [scala-execution-context-global-25] WARN  HelperUtils.Parameters$ - N_FZ23>+"~4N`QN8-*oa$w^]ce1be2Z8sO9lQ9jbg1Y7pM8o@QuUmDd7C7S>rWEDRDkNYKQ&
05:53:00.327 [scala-execution-context-global-25] ERROR HelperUtils.Parameters$ - [et<ghDN5Je/U1we]f`ag2H6pS9rae0bg1_]N>iZ|<:~lnvcKi>Tk
05:53:02.027 [scala-execution-context-global-25] INFO  HelperUtils.Parameters$ - R;q-6]ZVCg`h`$W}@~GoS|cn)mhV
05:53:03.315 [scala-execution-context-global-25] WARN  HelperUtils.Parameters$ - hPQ\rTRa-G391SxSEQFrVBtvngJX$W7Gww<MaW=69H*7(f
05:53:05.013 [scala-execution-context-global-25] INFO  HelperUtils.Parameters$ - b0HAy[CbW8AG+YLc4G5nU6iE5oT9vae1cg2N8fH6waf0G7sbf0T]S:1?3E}0O7]Ew!}
05:53:06.981 [scala-execution-context-global-25] INFO  HelperUtils.Parameters$ - >/$TtWK39MyzQ7hZ6mF8gag3ae1X7k2TK83*XG9IO0
05:53:08.749 [scala-execution-context-global-25] WARN  HelperUtils.Parameters$ - %tZBYFX^ag0bf2ce2U6qA9sO9uce3F6rA8lP7uaf2A6w"86|I:?V
05:53:10.194 [scala-execution-context-global-25] WARN  HelperUtils.Parameters$ - "0zv)k1r#ul'cn~P<6QR8vG9mJ7qaf0J5w#wHrlcNo=}a(HTtqX_H
05:53:11.912 [scala-execution-context-global-25] INFO  HelperUtils.Parameters$ - l,|_(hryiZ)^L%X$\RU9gaf0ce2ce2bf2cf2{?$8Il6B)N#{,m2k"B
05:53:13.671 [scala-execution-context-global-25] DEBUG HelperUtils.Parameters$ - fclWO]b':?6upj2L>lL#V5VOh!)9h%
05:53:14.802 [scala-execution-context-global-25] WARN  HelperUtils.Parameters$ - x;XT9F]&$[>s?)>fsnC1W6kbf0P5hM8vI6n2xG-erW$/_@]1"ADxNb,
05:53:16.290 [scala-execution-context-global-25] INFO  HelperUtils.Parameters$ - Yn\Py0852P%MY4Mlc9FR__4,px-3
05:53:17.927 [scala-execution-context-global-25] DEBUG HelperUtils.Parameters$ - :oc@z<jP6yNb7v&a:NXn<JY|o[V7iY8ocf2cg2cf3be1ce1N9sW5sae3vDA:+)Y|Lsw+Ox?Vka[id1]UD)
05:53:19.647 [scala-execution-context-global-25] INFO  HelperUtils.Parameters$ - =o,XE_6_z#j:^(rXDbktd[?B~kBu[o&gQQ^@NQYBU~
05:53:20.692 [scala-execution-context-global-25] INFO  HelperUtils.Parameters$ - FBb<wooMIRR6n(:9`rmxr!_9eavI-'CQ*J"kk]v\8p_HtS#siY
05:53:21.980 [scala-execution-context-global-25] INFO  HelperUtils.Parameters$ - 0&"$f(-]r9z]X7KJ3W1'ITAKObg2bf2Y8hcg0O6swxt{yQ_v)SyUL^>0&H[>WK#p(
05:53:23.389 [scala-execution-context-global-25] INFO  HelperUtils.Parameters$ - 0_[Otq{AN|i8,/'Q])K[UXtYRce3G6hae2ag0X5pcg0L5t\.L3wL'+7)d<~[rdkz<brL?v8
05:53:24.837 [scala-execution-context-global-25] WARN  HelperUtils.Parameters$ - #Ng*gtV{/G'cZ,UAUmcGh7[RoJGYCd42
05:53:26.074 [scala-execution-context-global-25] INFO  HelperUtils.Parameters$ - ag1C$Jw:z)30B~C><Lag2bf3ce3S5uaf0O6j&q>q=`3+Z?N.h8/IZK
05:53:27.972 [scala-execution-context-global-25] INFO  HelperUtils.Parameters$ - fFH>DY@7@w%V$6DiWBSTQcf3af3bf1cg0R6oK8qs)"BuNI6Ja;I~q*'lCaz/
05:53:29.542 [scala-execution-context-global-25] WARN  HelperUtils.Parameters$ - gyvV?9a%6"xpEoa#BiYxL8jaf2cf1bg3J5vF6nf&"MF?pw&xUKxt)MLfp/
05:53:30.755 [scala-execution-context-global-25] ERROR HelperUtils.Parameters$ - 4p_v!K`Kuq,%Q)<qA*gw>t_6+A^{1twO
05:53:31.775 [scala-execution-context-global-25] WARN  HelperUtils.Parameters$ - t^I*s7#lm?w@h4h^Pf&n'*qcT9kY6rN5rW5jM9kbg3A6uD6tcf2[[juc[hzFJnLD[|b7CN&;P/d
05:53:33.058 [scala-execution-context-global-25] WARN  HelperUtils.Parameters$ - ^0e;AV9_H8lcf0H8gcg0be0L'dj#a_b
05:53:34.128 [scala-execution-context-global-25] INFO  HelperUtils.Parameters$ - Wb&)Aid4t+>TPav7+w^H&dPqn)cf3be0bg2E9tD5s\RceJhS?Jt%Ho~iOVsq/*j<hg5
05:53:35.248 [scala-execution-context-global-25] INFO  HelperUtils.Parameters$ - 6ige9r'S^-&mz5DQ&`*KD<
05:53:36.429 [scala-execution-context-global-25] INFO  HelperUtils.Parameters$ - _wD#ZS\F.3*|o{p3N(jA4bVIxXyNQVYV}x
05:53:37.795 [scala-execution-context-global-25] WARN  HelperUtils.Parameters$ - 4'49^wP~1y$59Xn/
05:53:39.296 [scala-execution-context-global-25] WARN  HelperUtils.Parameters$ - &<~_}-(oj;~#_khA&zq[Q*cf2R5scf1B5tae1cg1be3ce2L7krenY^XYq5Zd/QEf,~jHh,3
05:53:40.683 [scala-execution-context-global-25] DEBUG HelperUtils.Parameters$ - 5d9:C@@<`]Ve\SJu
05:53:42.126 [scala-execution-context-global-25] INFO  HelperUtils.Parameters$ - M|UB7f=Vk%n:JZS-%Rdwg"Qw2+c$"Pyk6lGEzkZ$CMY3D1Qm\#OXF{
05:53:43.774 [scala-execution-context-global-25] WARN  HelperUtils.Parameters$ - lf?g!PWC;s.|ZE[LRpuu`A]Q
05:53:45.071 [scala-execution-context-global-25] INFO  HelperUtils.Parameters$ - NkE}P\,YS'|z!~
05:53:46.701 [scala-execution-context-global-25] INFO  HelperUtils.Parameters$ - a}{WKSCoTZ8Mgbe1M5gS5kcg1U5rbGL!cq]bQ2=tj
05:53:48.671 [scala-execution-context-global-25] INFO  HelperUtils.Parameters$ - |_gV<w*@K7GS+S@2J127Y@KWQ1hs$0%DqRY[@\ow<p${k.nokB$@1w-F
05:53:50.067 [scala-execution-context-global-25] DEBUG HelperUtils.Parameters$ - <?beXPUH3;Y2&IXaf0P9nae1C6tF6g-@rP/}ovEIlfBtv
05:53:51.295 [scala-execution-context-global-25] WARN  HelperUtils.Parameters$ - L?TGGs:IP$pa<>uJV*ZM#m}^!^'+bg3A9vV7uR7mB9hBt>ZIM3d#&{^b@men+)iDh[BC{Ne
05:53:53.056 [scala-execution-context-global-25] INFO  HelperUtils.Parameters$ - |6-Ui_4cg2cf1ce2bf1G5taf2ce3G6tfLS7@"2
05:53:54.065 [scala-execution-context-global-25] INFO  HelperUtils.Parameters$ - EHGP5JNbfLMpyh?0*K?7gJf/pzRrpA##OmJ)BXW;~<ggO%-ul0KMUb
05:53:55.930 [scala-execution-context-global-25] INFO  HelperUtils.Parameters$ - &bi8CIG&aCC*w@Nb
05:53:57.644 [scala-execution-context-global-25] INFO  HelperUtils.Parameters$ - 1!'7nV"Uf*auI?Ahbf1J6oaf0I8mae0bg3"z?XLBIcqy%$/r$J
05:53:59.232 [scala-execution-context-global-25] INFO  HelperUtils.Parameters$ - HD'd#u6$@;<m"q_<Op[6!8~5EPizPt)zoM5Y+yt8X/7`1%Hb.h_0d)s&0!,1
05:54:00.877 [scala-execution-context-global-25] INFO  HelperUtils.Parameters$ - pf<+WdseN_MYRd(\<cLi2F7oO5iM6scf1R9oG6gae1wp2!;b=By-z.WWdF',/%N
05:54:02.425 [scala-execution-context-global-25] INFO  HelperUtils.Parameters$ - &%8%8NJl"Eoq{+v\WmPuqfo90\<H)rynd$z."{u^8^#lDGuR~~4$zMYJXUbV
05:54:04.021 [scala-execution-context-global-25] INFO  HelperUtils.Parameters$ - -wCX)'2Mgku,3=VH.~n#EDD)K*ZRAN@|B\iz.7dGDI{R:Z
05:54:05.581 [scala-execution-context-global-25] WARN  HelperUtils.Parameters$ - rzBoPm.G/po_|kq"bcLAX,@sOC9c},r0eXYj}3
05:54:07.302 [scala-execution-context-global-25] WARN  HelperUtils.Parameters$ - -TVZ2#.u!/[D&?G?6HXB:V-B%=Ae@lg$RtW*l(?!rZ8)3E5f?"Vwwi;6Zn)j
05:54:09.280 [scala-execution-context-global-25] INFO  HelperUtils.Parameters$ - vbX!4gw98"|s;n+T]9;dso]lwu=u[;?fM:zd|,boh/`:@E".
05:54:10.620 [scala-execution-context-global-25] INFO  HelperUtils.Parameters$ - v={TS6LO/?2,@W0`SiuQ8mbg3J8mce2ag0O5mcg3bg2T9rbe3B7fM7oce3)Mqd/O$OkrC/1.\)d!A
05:54:11.993 [scala-execution-context-global-25] WARN  HelperUtils.Parameters$ - -=SriCLx+nGpqRsNJ>X:T|xk{(vM@^U0ZV
05:54:13.078 [scala-execution-context-global-25] WARN  HelperUtils.Parameters$ - j`foq_Ue${?_
05:54:14.829 [scala-execution-context-global-25] INFO  HelperUtils.Parameters$ - C.Sb,ZO*JBmjne8WzV;\F+`Yt-4-|_RLZ(;=#TY>yiS%`S
05:54:15.948 [scala-execution-context-global-25] INFO  HelperUtils.Parameters$ - QAtL`k-oiZF6vQ5jae0V8tI6jYxs=]@3s0k
05:54:17.181 [scala-execution-context-global-25] INFO  HelperUtils.Parameters$ - yn9El2mJ$J[eYE_X$8g)/d];NaA=
05:54:18.515 [scala-execution-context-global-25] DEBUG HelperUtils.Parameters$ - RO!1_4'gh/vtN&JC7iQ5nP6iG5uU6rM5oaf2L9nG5tU}4c&lvNkoT0_dZ
05:54:19.738 [scala-execution-context-global-25] INFO  HelperUtils.Parameters$ - 0]aYJD^(flSrmeX=Y/Z*9;I4p7a03?E!(e
05:54:21.133 [scala-execution-context-global-25] INFO  HelperUtils.Parameters$ - pyoVG8X5bm32oC!h;S+X'(~zwH
05:54:22.536 [scala-execution-context-global-25] INFO  HelperUtils.Parameters$ - d1U'piC!d2TrdDt(nEfb<_"wzgP-`f1v;@Ml,yU16_Spc'`o<VFpb$-uma%$
05:54:24.324 [scala-execution-context-global-25] INFO  HelperUtils.Parameters$ - X6:IAXae2J9jL8tbe0ce0af1ce0J8pB2ykfg
05:54:25.655 [scala-execution-context-global-25] INFO  HelperUtils.Parameters$ - %Ifs<"Ya-y5'>O,=#J9`be2cf3I8vS8pcf2tU'l/(kgi)BW_N-R>7`]
05:54:26.814 [scala-execution-context-global-25] INFO  HelperUtils.Parameters$ - p[8*U%>Zn(pGa?|]P.(NyL7obg1cf1bg3K7upwq@[dwpscsr7&^)/bP2>
05:54:28.568 [scala-execution-context-global-25] WARN  HelperUtils.Parameters$ - |:9cHFBgyjxgGdk+{@1DAT6lX5nJ7kag3S5mae0O8n^2MxQA?!s27qzoS;j[lgF
05:54:29.888 [scala-execution-context-global-25] INFO  HelperUtils.Parameters$ - gX/ulEc0x0K\3dN<
05:54:31.759 [scala-execution-context-global-25] WARN  HelperUtils.Parameters$ - _(A6:!9emzl0-U47.^JCT}DIuwIM$P?&p\xBXi|UuK|~Q.IO
05:54:33.157 [scala-execution-context-global-25] INFO  HelperUtils.Parameters$ - a$D'|pam2A[C2M;V
05:54:34.169 [scala-execution-context-global-25] INFO  HelperUtils.Parameters$ - G0+>wKB]j(G$C,qV!a%W\J:R!lsH%rlP!D8n#F^.%:Wl}$xrnd`*8UD%#$!~
05:54:35.544 [scala-execution-context-global-25] INFO  HelperUtils.Parameters$ - --%U;%MUYU22RO;"D%yx|#|Oop
05:54:37.445 [scala-execution-context-global-25] INFO  HelperUtils.Parameters$ - Sr`PR6{wnlp=749-Kb|R{O8vU7vcf3N9lP9jE5u^J^[XcH)QXpv.iL'6(Ho+
05:54:39.066 [scala-execution-context-global-25] WARN  HelperUtils.Parameters$ - k9_,BW4&JeT36G"vyCRG"DZB8nO5tX8vbg3cf3!},[3$[ALHP_Rb(oqrhTt~*
05:54:40.903 [scala-execution-context-global-25] INFO  HelperUtils.Parameters$ - I:,B0gJ!/^g[U2tVaK=7:_{n1Q>O"9?()I\+$8pgoUr|AMI^4K
05:54:41.961 [scala-execution-context-global-25] INFO  HelperUtils.Parameters$ - S'^LXZ?%og{vevqK6X/7
05:54:43.686 [scala-execution-context-global-25] INFO  HelperUtils.Parameters$ - "B5Z:7-d#'d->kD^F0`k6L<.utqSVOL<GFt"$^3vP&\B~:O?;3-7xk
05:54:44.741 [scala-execution-context-global-25] INFO  HelperUtils.Parameters$ - OWD<+tZKo"`w]I?V,{z;'1(>oq>YPEFd[oYB
05:54:46.302 [scala-execution-context-global-25] WARN  HelperUtils.Parameters$ - ciwTWmtM]Vhbe0F5kag2bg3ag2A6i5+Oiw:4@"tG
05:54:48.124 [scala-execution-context-global-25] INFO  HelperUtils.Parameters$ - D(j<>.<oTU3FT}BgY,
05:54:49.565 [scala-execution-context-global-25] WARN  HelperUtils.Parameters$ - ZX\h|kbe3C5oV6jaf1cf0W7jaf0T8h{)2J$'
05:54:51.405 [scala-execution-context-global-25] WARN  HelperUtils.Parameters$ - ^Sq8CWwU;>b7cwcX
05:54:53.392 [scala-execution-context-global-25] INFO  HelperUtils.Parameters$ - }kr.9xVe`k8%CsA&/=H0cEsdGD6qV7lR5kce3cg0ag2*G-3xI~#Ig,&v~1fcRX#$%s7.
05:54:55.349 [scala-execution-context-global-25] INFO  HelperUtils.Parameters$ - bPTo-iKgc;u$)m/8Trb{L:F>}RG+dEU;v##Y0L
05:54:56.979 [scala-execution-context-global-25] INFO  HelperUtils.Parameters$ - bn|@G4sIcv-Vs-]pq&O%<e^qmX9oag2cg1be0Q8lB6pQ5ja9W<uIkhn<ak,4&hMZ3!Q~ACA
05:54:58.843 [scala-execution-context-global-25] INFO  HelperUtils.Parameters$ - 2u-%z0nbR<"D5af0ae3U9uQ7gL6tC9pcg3Y7vae2?e+%?jNR5._?b
05:55:00.656 [scala-execution-context-global-25] INFO  HelperUtils.Parameters$ - <c1mJkYP=Ox*Hz,n{\nrvPSJ|JRdeyh}
05:55:02.399 [scala-execution-context-global-25] INFO  HelperUtils.Parameters$ - i#*~}alDY[yEo`dF?WJ<vCw+OS~1#~L<
05:55:03.622 [scala-execution-context-global-25] INFO  HelperUtils.Parameters$ - vvm4ZnA8J}jqJjMKVi*V<^RC[XNZOY:B>K
05:55:05.138 [scala-execution-context-global-25] INFO  HelperUtils.Parameters$ - V+kR)WbFae0ag0ae1ae3V6sZ9tI8vO7q[0?6.b{[
05:55:06.490 [scala-execution-context-global-25] WARN  HelperUtils.Parameters$ - P$yivZE-MTgF:1bx^6jPg&
05:55:08.491 [scala-execution-context-global-25] WARN  HelperUtils.Parameters$ - )9O'mIo_.'qiY~j1PE&g+6a}Nl^<YsRm71vF{M
05:55:09.879 [scala-execution-context-global-25] INFO  HelperUtils.Parameters$ - )/|w|^cf2D6mae3E8waf3F9qPh"Zcd
05:55:11.435 [scala-execution-context-global-25] INFO  HelperUtils.Parameters$ - zdGe^Fk@k*O6jcf3K8lae1cf0H8obf2O0TN"S+@RV
05:55:13.234 [scala-execution-context-global-25] DEBUG HelperUtils.Parameters$ - ;X"'8O0R`1!1)BYP.aHzy:W_,)
05:55:14.504 [scala-execution-context-global-25] INFO  HelperUtils.Parameters$ - oG,i>,B4`;rb_D1q>8f[ixlrt/(+[ZG5tE8sB6hcf1M7jae1cf1cg3"dUD(XC2RiP%6c;JQ_7P&nd87yq)>_
05:55:15.801 [scala-execution-context-global-25] WARN  HelperUtils.Parameters$ - >$`h_cIV:@tbDMX!D@+=&Rj}Vi'qYA~:";;&r/ds%i
05:55:17.721 [scala-execution-context-global-25] INFO  HelperUtils.Parameters$ - 6JcEnVL+{bp_tr3)69GUpoF^1)9Ey;Jd
05:55:19.715 [scala-execution-context-global-25] DEBUG HelperUtils.Parameters$ - ]rc;@.Laaw$@;?WV.b}2ax
05:55:21.062 [scala-execution-context-global-25] DEBUG HelperUtils.Parameters$ - AQLswf{?-So_q0[1h?e's&
05:55:22.836 [scala-execution-context-global-25] INFO  HelperUtils.Parameters$ - O?`TXN`\DxK@U3rY_As|q=3o;Ax8TT}DSQ<0
05:55:24.475 [scala-execution-context-global-25] WARN  HelperUtils.Parameters$ - qKq66o[De87w,`\;vZn0H;k\+W7oSANz<u_a
05:55:26.398 [scala-execution-context-global-25] INFO  HelperUtils.Parameters$ - h_o$a-l4I%3pYz[SghU3;D_eOcg$
05:55:27.896 [scala-execution-context-global-25] INFO  HelperUtils.Parameters$ - 0{#>DGK6lbe1be3cf2cf2M8oR5vaf0H5vV7oD7uM5qbe1L5nbe0GZW)kr
05:55:29.878 [scala-execution-context-global-25] INFO  HelperUtils.Parameters$ - 5sD"hnae1cf1cg1O9hce0E9iae0+~eBN|
05:55:30.914 [scala-execution-context-global-25] INFO  HelperUtils.Parameters$ - }G};8s2.q\]2lo@^T<dhvI~U*3
05:55:32.532 [scala-execution-context-global-25] WARN  HelperUtils.Parameters$ - Z$e~Akq[@[Z+!t!8wz0?g_)HTM@Q8Y4OcB(rDuTfijj)iS53TRrMDlGuAy
05:55:34.232 [scala-execution-context-global-25] INFO  HelperUtils.Parameters$ - MNY"NzTl_8OhVbj{A9r.~dkfB>u0<ZpWx26Tr]BzQomm@`x1U]>s~Q!K
05:55:35.857 [scala-execution-context-global-25] INFO  HelperUtils.Parameters$ - Lq1z8%L{o;J}6/%{A=AsLSfqT&d=`2dI}1}E
05:55:37.048 [scala-execution-context-global-25] INFO  HelperUtils.Parameters$ - h6P.(|z['S^~0LZ1Y]M8%c][=z8ST/y"zgsRB?d^GG.`4FTHevo}
05:55:38.580 [scala-execution-context-global-25] INFO  HelperUtils.Parameters$ - `,qffsAfR3jOln`HqdS-sd)]%T'pPc<?
05:55:39.677 [scala-execution-context-global-25] INFO  HelperUtils.Parameters$ - N?Ue\"AC""#:l;d{of`,EZW!|2^bHLfl2h)0
05:55:41.288 [scala-execution-context-global-25] INFO  HelperUtils.Parameters$ - ]<lkXK^+YYHF\ES${>C7q<(n24[,`8FA?g]&ti)AIaxb
05:55:42.492 [scala-execution-context-global-25] INFO  HelperUtils.Parameters$ - KLRb}fg!Ll%9Ee{Lte9]zh
05:55:44.440 [scala-execution-context-global-25] INFO  HelperUtils.Parameters$ - y*/x~>se3T*?Xj98tcm)C&A^E4iA9<N,
05:55:45.600 [scala-execution-context-global-25] INFO  HelperUtils.Parameters$ - Eo#d}GRzB%wDfIVF~TW9jF9vO9pbe2X9fae0].Ko!m]|2;_(rb%xF@
05:55:47.418 [scala-execution-context-global-25] WARN  HelperUtils.Parameters$ - clXC%8da{t?[bf1bg2C5wag2F5pM5rO\(}oUOQjwTE
05:55:48.539 [scala-execution-context-global-25] DEBUG HelperUtils.Parameters$ - Y|_X>Va`3}C{=]9Xqf7|M]o^CKLMaf3B6iaf3cg3Q5sXi}d=cu+FTesLFedyS,xHX!BR8f*
05:55:50.051 [scala-execution-context-global-25] WARN  HelperUtils.Parameters$ - gxKWCz4'+/hE9tbf3E5fS9vF7oT7gM5fce3ag1^R%q'\yYWm2
05:55:51.763 [scala-execution-context-global-25] INFO  HelperUtils.Parameters$ - Xc!m}(l8%bLVDQ.T9gX7taf2K5pL7tj:rw]9uN\Dx50A?
05:55:53.495 [scala-execution-context-global-25] DEBUG HelperUtils.Parameters$ - QJ"9bkW@K&8)8Z\XO6t^5v5CE7vO8mcg2be3be2`[VEC`gGUsb'Pf?oT$h5=?d:
05:55:54.661 [scala-execution-context-global-25] INFO  HelperUtils.Parameters$ - PZ$ovB|3N70mvmz6
05:55:56.296 [scala-execution-context-global-25] INFO  HelperUtils.Parameters$ - d8'2pGog2=Tw<J;Lcb1g3^StC6lN6sD8vbf3B8jj|6z|mCfGSHb'X5p'6S?3U,@
05:55:57.435 [scala-execution-context-global-25] WARN  HelperUtils.Parameters$ - ?9Ym6JU~Bu610+6v;h9uijDi/6HjY~zy:'
05:55:59.107 [scala-execution-context-global-25] INFO  HelperUtils.Parameters$ - (NZr?W8`<i_]W.
05:56:00.906 [scala-execution-context-global-25] INFO  HelperUtils.Parameters$ - |U7!N{'lUYGM;3bg0K7qce0E9wae0ce0af1bf0F9mG8iY$kRp++jrIV9LS
05:56:02.308 [scala-execution-context-global-25] INFO  HelperUtils.Parameters$ - [Y|UNL+^[;(^AIs64,'=FtOdI$B,kbg0S6wK9qQ8jT7m.|q]\5MYUJdmy/<!{2sL9D+PhQm:?
05:56:03.545 [scala-execution-context-global-25] WARN  HelperUtils.Parameters$ - !LXJ7f(C$n?R3%tT:PM>$_8!gH.O4Sijv!ZlleG~~?"Y_]{pj9z$CS
05:56:04.871 [scala-execution-context-global-25] INFO  HelperUtils.Parameters$ - NZOp4#KxI;mwVRB6"MzE]Na~A&;A
05:56:05.970 [scala-execution-context-global-25] WARN  HelperUtils.Parameters$ - ;qO$$;r9P}m/Ed4Y%C9qbf1be1X6rI6iR5rB6vag0ce3-8rYV6bNvi.D\[4B>
05:56:07.906 [scala-execution-context-global-25] INFO  HelperUtils.Parameters$ - .H~QtVHS1<{s!~s^n1M9jQ6qJ8sH7gbg1U9gF7mM7ibg3be2L9pcf0Z7wM5kJ+zKAN.9PJle,?h]#:
05:56:09.807 [scala-execution-context-global-25] WARN  HelperUtils.Parameters$ - aUr:,]bdt^/F*w5#axYZkK7wZ7fce2M5ucf0:<%HF&nG(D'KZOOflLc<5
05:56:11.118 [scala-execution-context-global-25] INFO  HelperUtils.Parameters$ - 8{\szA}GvDtK?k&)O9vO7oD5lag0W9fbf0bf2Y9tbe2bf1#gJW`s(=^!VFX5f&
05:56:12.652 [scala-execution-context-global-25] INFO  HelperUtils.Parameters$ - yXT-[3ujJk&)(z
05:56:14.502 [scala-execution-context-global-25] INFO  HelperUtils.Parameters$ - W){LW]C}/%.GkfJ95_*Z1+g3`%Be
05:56:15.513 [scala-execution-context-global-25] INFO  HelperUtils.Parameters$ - J.\8Kh+:FMz`9-m>x1
05:56:16.997 [scala-execution-context-global-25] WARN  HelperUtils.Parameters$ - =8}:{v"4U1wG#OH#?"&Aag2Q7gL5haf1P5icf0cg0af1ce0ae0X8q$wF<3G6SCa<L'''G(Fx.
05:56:18.561 [scala-execution-context-global-25] INFO  HelperUtils.Parameters$ - 1u+<*Px4'.PV$k{D7Ts.:raqOBR4FWK1%<GI;8SwVmO8Fun3{3%NAx{\hD
05:56:19.721 [scala-execution-context-global-25] INFO  HelperUtils.Parameters$ - ^5(W;'t06VF:
05:56:21.629 [scala-execution-context-global-25] DEBUG HelperUtils.Parameters$ - #9JpN/yL/ht6eL#HJvfv85s}:2-j5?_yWQ@\_M!V3&UswdIS3^Q}?F
05:56:23.461 [scala-execution-context-global-25] INFO  HelperUtils.Parameters$ - 8>(>UY;hAbR4(*Aoccf1cg2X6mH6ocg0X9tO8vaf1E6maOL_%HQkPlgjk*)l>
05:56:24.876 [scala-execution-context-global-25] INFO  HelperUtils.Parameters$ - Ev1XMxG8{-d.;rBpO6\dn`WK;bfEE_DX8]ArAn{1#Ia`R]v*&Q
05:56:26.139 [scala-execution-context-global-25] INFO  HelperUtils.Parameters$ - _6sAIeA7W(&ErR9mA7gW9vce1P9jum\'KBDZJ%<H\
05:56:27.310 [scala-execution-context-global-25] INFO  HelperUtils.Parameters$ - fM19!,SoHiK]2?!ae1A9ncf1cg1Q7vae0S7iG9jae3J6fZ5ocf0J5v{23%k]N:JJdP/*)
05:56:29.104 [scala-execution-context-global-25] WARN  HelperUtils.Parameters$ - v,/ylUN_3=W5jZ6fF6jcf0B7obg3C7wJ8uiLi=[2ehM~
05:56:30.813 [scala-execution-context-global-25] INFO  HelperUtils.Parameters$ - {p9b?]Ev)vkM
05:56:32.734 [scala-execution-context-global-25] INFO  HelperUtils.Parameters$ - #ypl6j*Wyu3IM}VW2LX\'*cf0X7wK8pbg2L9vV7pN6tL6mM6nbf3o`C*dr8dvQ#=5dZ.0+0m0'
05:56:34.640 [scala-execution-context-global-25] INFO  HelperUtils.Parameters$ - @#C.x|Ij"ngt\yOiTKxC.6<^(7}KyNC~opI8?@J>+=
05:56:35.874 [scala-execution-context-global-25] INFO  HelperUtils.Parameters$ - IZPW{6U/eU^qF#IEIfHL'.CEe[0.uOP1:,[>`$
05:56:37.474 [scala-execution-context-global-25] INFO  HelperUtils.Parameters$ - A*,e\QBB[OGL{D3k*.aC:"ob65}m+aQs\mrPR?uv[j6{sN
05:56:38.856 [scala-execution-context-global-25] INFO  HelperUtils.Parameters$ - 36LiIsWtXDs!5JH[l1ce0cf2D7kbe3bg3Y6nO5lS6hJ6sDz~d$2OMQ$=8WT+SNY
05:56:40.056 [scala-execution-context-global-25] INFO  HelperUtils.Parameters$ - e]BlK:uqTE8pS6hN6mJ9vS6vJ6kN^_>4vs?y
05:56:41.913 [scala-execution-context-global-25] INFO  HelperUtils.Parameters$ - Fy`U}oGS{yC$K*{(V0'pHhCG-QaWexzQf5NC_#u"WyFO&mWAD='K-v
05:56:43.620 [scala-execution-context-global-25] INFO  HelperUtils.Parameters$ - `}qEMq;"[$YP"?K@^q!>l6R8uKf)v?3i.gTQyR/CQ)J?XswdoIs{|L*VKM
05:56:45.255 [scala-execution-context-global-25] INFO  HelperUtils.Parameters$ - qF,fzCVePt=Z
05:56:46.514 [scala-execution-context-global-25] INFO  HelperUtils.Parameters$ - V:X"Lwaf2W8wag1ce3F8lL6vA9hae2U7wShZ<H$
05:56:47.894 [scala-execution-context-global-25] INFO  HelperUtils.Parameters$ - V9@Xa$5YQr&e(X
05:56:49.179 [scala-execution-context-global-25] WARN  HelperUtils.Parameters$ - \+:d!MId_1<vjCeSg;P4bf,vh/r3y+E6qag3H9kJ9rbg0RkOfg|aqe'em,<Hx!?#MZKL]>;6&JR
05:56:50.282 [scala-execution-context-global-25] INFO  HelperUtils.Parameters$ - c_+9KAowL*>YWjP"A,2_Ic#{1gcWA5qO5obe3ce3Y9uByQ|uhI;WC|`o)f+P$8*Vz8GN"}]
05:56:51.392 [scala-execution-context-global-25] INFO  HelperUtils.Parameters$ - $;oTz2t1U"TfLL91uRVTK*Z,?,>2Zv@]T|8(DSo[_}mySw
05:56:53.204 [scala-execution-context-global-25] WARN  HelperUtils.Parameters$ - /?03F`0ut\-!a+yA|;@L\-xHae3V6gae1be0Z8iP8mbe2F7fF6ng7e"@N!LT3~QuXPs?rI84-aN
05:56:55.066 [scala-execution-context-global-25] WARN  HelperUtils.Parameters$ - V;MlLg({Dj9?lq]&if5Mp:J|@Flr_0UWv=J#\~P-
05:56:56.320 [scala-execution-context-global-25] DEBUG HelperUtils.Parameters$ - #C[r`p}&`@cf2M5ibe3ce0I9v-%VL&^>yO%
05:56:57.743 [scala-execution-context-global-25] INFO  HelperUtils.Parameters$ - y4Jk@H=2lQQ]{vFBA<90B-wsL[a"d0Nx|sKT>|=F`q7XXW{u9T)rHk
05:56:59.223 [scala-execution-context-global-25] INFO  HelperUtils.Parameters$ - Y*#nWjzE0'dY\_-b#N"DC0&R[w8+ss3cFr00a"njxvi(inXVS&dO#bv<
05:57:00.466 [scala-execution-context-global-25] INFO  HelperUtils.Parameters$ - hYb5?z:DOi]*am*}'$*pD/{~a[*?c>&}X5
05:57:01.718 [scala-execution-context-global-25] INFO  HelperUtils.Parameters$ - e$Ebe'_J,UInV2/EAQaYBVKnmy?)s,w\70W|gR
05:57:03.502 [scala-execution-context-global-25] INFO  HelperUtils.Parameters$ - 9:Eo#chkn,VMEi3R|8kJ+uae2cf2ce0ce0Y5h+BY0?fe1<iB'748S4U#],P
05:57:04.702 [scala-execution-context-global-25] INFO  HelperUtils.Parameters$ - BYB-Vm.>,Lb$G!p'L(lvP3AoMavj54hyM_hX8Z+`-}*V(62|g5zU/]bDom
05:57:05.761 [scala-execution-context-global-25] INFO  HelperUtils.Parameters$ - |\zxI1Ob,}v>5A&uR2cBCt=z`6Sio%
05:57:07.150 [scala-execution-context-global-25] WARN  HelperUtils.Parameters$ - (wEn\7L-hY*PbXi6rNBTh!X8uV6vU7nJ5taf0Z;zD"1w$r}X(A`9)@1twCd
05:57:08.269 [scala-execution-context-global-25] WARN  HelperUtils.Parameters$ - lt)]`:1\IQh.ui8>BVPB!06PZzci;5.&Q#
05:57:10.048 [scala-execution-context-global-25] ERROR HelperUtils.Parameters$ - pj~hYi2j$JSF$m
05:57:11.908 [scala-execution-context-global-25] WARN  HelperUtils.Parameters$ - |rQv@j|d-!c6\I{V`m-$fpUp[S6c_#@P:W*s}+/%>`8;J/3y@,v'@*t6
05:57:13.645 [scala-execution-context-global-25] INFO  HelperUtils.Parameters$ - t;P0x69UW!pZ#}}~=#7DJ)t'(}ag3N9oP8nU8obf3af3C1w8|)ydag3z8o'D1-a<KhH]4>
05:57:14.689 [scala-execution-context-global-25] INFO  HelperUtils.Parameters$ - oOg`gH?/:kNLh^<.\GokIZJ5pce1ae1cf3N9sbg3T9gu#/zeOb9@Q5~8O]Tul25Y?
05:57:16.289 [scala-execution-context-global-25] WARN  HelperUtils.Parameters$ - /$<=,FXd/1!e{ao(IkTVu>[w*WmbQe
05:57:18.238 [scala-execution-context-global-25] WARN  HelperUtils.Parameters$ - Cn_zzJPTY9tX9nbe2ag2ag2Q9lae3vp;P%aRF
05:57:19.629 [scala-execution-context-global-25] INFO  HelperUtils.Parameters$ - #ZMW)cWhxV1'oae1Y5vce1M5jcg0whW~9&HQIKY*U
05:57:20.779 [scala-execution-context-global-25] INFO  HelperUtils.Parameters$ - &'S5?b<Vk_xn3$)=.cd02.k?m~0x
05:57:22.047 [scala-execution-context-global-25] INFO  HelperUtils.Parameters$ - [Cz1qtw{xy:wuG~IJzecZ"d@_.;z
05:57:23.897 [scala-execution-context-global-25] WARN  HelperUtils.Parameters$ - f/YkdY{5r%N5'SVKxd5'5a{Hz*xE:OSN-g{0gQh\@L:X
05:57:25.760 [scala-execution-context-global-25] INFO  HelperUtils.Parameters$ - z*icbmE:iw?d42K+[\u5ce0cf2S5uC5rbe1ce1af1af3U%Qu.]:m]z?^mzMgF,hA
05:57:27.547 [scala-execution-context-global-25] INFO  HelperUtils.Parameters$ - XI#e%-)#:L\PryyNlRr:Tfq)yO`[
05:57:28.727 [scala-execution-context-global-25] WARN  HelperUtils.Parameters$ - 5z?$.|VRt|bY<@xs7jQ[9-Y/M;/Eh"l<5'aa)C=Y?q"WNtW;rtNs
05:57:30.611 [scala-execution-context-global-25] WARN  HelperUtils.Parameters$ - o{}r`s[N5gI9uag3W7vcg2,yg8eVh
05:57:32.448 [scala-execution-context-global-25] INFO  HelperUtils.Parameters$ - =)>@K,43Tnq~2C=FMA|,s.dkJUsWNt?Zw8[DAF4wKCd*VMdh'X*d&vu#'q
05:57:34.275 [scala-execution-context-global-25] DEBUG HelperUtils.Parameters$ - EYgAdg)*p'{jGHyU:]w16v+8(x.&$uaWfT
05:57:35.593 [scala-execution-context-global-25] INFO  HelperUtils.Parameters$ - '0)ed=oC##/uZk<ng!g9o;TgE~
05:57:36.926 [scala-execution-context-global-25] INFO  HelperUtils.Parameters$ - Tt+>Q'K]f*MyvdyeqkOFKYag2F7pS6mU6nG7fbe3W7fag0M8fQ7tT6scg3O6gS8sag1Z|$XIifCZqTwZ5:Bj?n;ah
05:57:38.835 [scala-execution-context-global-25] INFO  HelperUtils.Parameters$ - FXsC>E1@^vg{v"I1J6gZ5ocf2O8mcf0be2W6swz^f>cc$2Dc?2Q?@
05:57:40.219 [scala-execution-context-global-25] WARN  HelperUtils.Parameters$ - /o(Sd@&PFMwKn|puog#|Rq6a;K{E7lbg3G9oce0Q8nU9lae3ce3V7vKcRO5WL9Ru/S!}~_(j|N49))PKv
05:57:41.225 [scala-execution-context-global-25] INFO  HelperUtils.Parameters$ - |AX[JU>hk0R2e6-3|l5%S]!i>F7,$9y_pAQHOCU&
05:57:42.577 [scala-execution-context-global-25] INFO  HelperUtils.Parameters$ - rHLMP&0o2O^aD'|)NAXx2`gM20dF&hgfTA)\|uk2>V1lI36&
05:57:44.432 [scala-execution-context-global-25] INFO  HelperUtils.Parameters$ - I_3joAT!:Wg2G<I7wce3ag1Y6hV8oY6vbf35VHPnUA!7rI`O~
05:57:46.235 [scala-execution-context-global-25] INFO  HelperUtils.Parameters$ - x27v@W!*MH"lF'cA6(w`Svnbg1cg2K8qcg2ae1G6sD7qHTLzK0z'+#(K"RLF^gF^w^,
05:57:47.545 [scala-execution-context-global-25] INFO  HelperUtils.Parameters$ - 0!!Z4jcg2af3be3T6uG7kZ7fce3u7E[Ep
05:57:49.211 [scala-execution-context-global-25] INFO  HelperUtils.Parameters$ - KrFE9noErAD1Y}CcSQF^,Nz4J9oag2be0Q6hbf2M5k{mGf*E&Xjce!UIUoYy!v(53C
05:57:50.370 [scala-execution-context-global-25] INFO  HelperUtils.Parameters$ - /'D(#)f@r+~hXt$GY-(rVc!Qbf3cf2ae1bf0ce0$-M9/:nZ)x`DEVc>=^fcAwX<
05:57:52.039 [scala-execution-context-global-25] DEBUG HelperUtils.Parameters$ - .Rj:TG.`1>AI~uE|)Nw`j@S6RI".iJs*&H,Ez1+A_,^j"N
05:57:53.959 [scala-execution-context-global-25] INFO  HelperUtils.Parameters$ - ._Pk3SIndqD;&-m)%xBIi,)coHR%e<pY$[u4,Ti9y4viOeex
05:57:55.077 [scala-execution-context-global-25] INFO  HelperUtils.Parameters$ - Hjo"7p+a^%Dc\Q0s/~E.;t
05:57:56.656 [scala-execution-context-global-25] WARN  HelperUtils.Parameters$ - 94zZgB$SWi4@^~J;fvD#YD?LqKH=;H1R1>MV5U.J
05:57:58.322 [scala-execution-context-global-25] INFO  HelperUtils.Parameters$ - TVySzcL$+FrQ]b?Hf6Y:>D#B&|3T>4H?^#,L
05:57:59.356 [scala-execution-context-global-25] DEBUG HelperUtils.Parameters$ - 6U{yTwI1hdc"9Yo6;fv3`o:!G]J<`M;?o<gX
05:58:00.453 [scala-execution-context-global-25] INFO  HelperUtils.Parameters$ - :(khc@P7oA8oag2be1M9nA;iOjv
05:58:02.384 [scala-execution-context-global-25] INFO  HelperUtils.Parameters$ - z2X%y`@4,&VYLl/fYkK\2FS.DyRe>G
05:58:04.055 [scala-execution-context-global-25] INFO  HelperUtils.Parameters$ - J\5TP"ql8Wb"B`YM<0/eHTF=
05:58:05.955 [scala-execution-context-global-25] INFO  HelperUtils.Parameters$ - ~7f<:\?^:,wS5qH5gD5tcf0ae3bg3bg3Up(R%+G5E&a
05:58:07.816 [scala-execution-context-global-25] INFO  HelperUtils.Parameters$ - L|[Cbn$@?<J2nV3QOEtauHyGi\U#
05:58:09.630 [scala-execution-context-global-25] INFO  HelperUtils.Parameters$ - 5Jn,U+C-icu:6IG0[Y@.hjT_06IVv@k)&V';Jel!P=%8q\Uj
05:58:11.190 [scala-execution-context-global-25] INFO  HelperUtils.Parameters$ - H]B8GwH9hQ5pX9mH7jO9ubg0bf1csR)R_
05:58:12.793 [scala-execution-context-global-25] INFO  HelperUtils.Parameters$ - s<F!eE9_E|&=-F"0YD+)T3?wzP0*%ilM+As_
05:58:14.391 [scala-execution-context-global-25] DEBUG HelperUtils.Parameters$ - 9b:)$SMnn{A=$#]Z('*pg4Wd
05:58:16.282 [scala-execution-context-global-25] INFO  HelperUtils.Parameters$ - $#5$:@+T9kR7pP9pag2S9r=jAoSfw
05:58:17.793 [scala-execution-context-global-25] INFO  HelperUtils.Parameters$ - =%MZ<Xi3r"0GM0}|SNc^C5vD6lce2af0af0ajn<|dL&.JAfBiYL}ta)
05:58:19.250 [scala-execution-context-global-25] WARN  HelperUtils.Parameters$ - fwn/l'Vx]k_e*N+#l"&x'`,cg2R6hZ6jbe2U8jT9hcg3G7hW9i-0xospi38p?pgq%lx96Si"8
05:58:20.723 [scala-execution-context-global-25] INFO  HelperUtils.Parameters$ - CtBgIXIy-<lJYPGVBqE)Zc%~-ipj)ujB2odJY\UH(H
05:58:22.005 [scala-execution-context-global-25] INFO  HelperUtils.Parameters$ - =,oSl{SFAEcpzD6$t|!d22hUjP\xyUKaLBdN}S%D
05:58:23.501 [scala-execution-context-global-25] INFO  HelperUtils.Parameters$ - a<jZs}lNtKhqQ`=^67"m4cV2Q6pce0ag1cf1be1E5lEXWAhp5ZmB=$C$bvTLaezu#U
05:58:24.857 [scala-execution-context-global-25] INFO  HelperUtils.Parameters$ - yNR4AK[aUXy@Q\:}AZU"`E&v_yb1S5F!XlR:U;]"C0sz,WpMN<jv
05:58:26.274 [scala-execution-context-global-25] INFO  HelperUtils.Parameters$ - ]Pz<ih@h*F8N<J(,z0+%JTQcBd.N7gw;>^PCmyJo71W9B*hK
05:58:27.727 [scala-execution-context-global-25] INFO  HelperUtils.Parameters$ - Uv0Gs-^mptjJaVu.sa)&{H7nxudL8fce0W7jZ5qag1K6vce3X8nae1C9pag0J6f#/<Eey`bs=r~[iZ-3B,j6,ViC8P
05:58:28.831 [scala-execution-context-global-25] INFO  HelperUtils.Parameters$ - >^rk<T:{:y?bV~*P;>]e2n`hce3T5waf0S9sU7qnR840S`i!GHT;A46XvRoF!f/
05:58:30.587 [scala-execution-context-global-25] INFO  HelperUtils.Parameters$ - "i&k])2@/saR\G<)w.~z;E3:z;a!h_>q&||mak(49CW&2PV5{y^y
05:58:31.783 [scala-execution-context-global-25] INFO  HelperUtils.Parameters$ - .Ktgg'(W,6+@'@~-':UN(QHgWr+<nK89)VHwN10VbfH5
05:58:33.140 [scala-execution-context-global-25] INFO  HelperUtils.Parameters$ - W(QE"3-&nW+H7rbe2bf1R7qag3ce3ag3i,.\[.?^Ma0
05:58:34.361 [scala-execution-context-global-25] INFO  HelperUtils.Parameters$ - uD#!h/~oqGO5NpvV2;N9mT5pD5hae2ce0E8rbf0gBLY{F^?8gn7~DsME4
05:58:35.651 [scala-execution-context-global-25] INFO  HelperUtils.Parameters$ - gy_"gflc"C7rcf2ae0ce2U7rc9f948*#X
05:58:36.812 [scala-execution-context-global-25] INFO  HelperUtils.Parameters$ - )X^m:RWostGe)CK'#be2Y7jaf0W6uR8lae1nz(<kU7d-IKRH'w~x
05:58:38.774 [scala-execution-context-global-25] INFO  HelperUtils.Parameters$ - hQVD}7:,k/+e>py+:(6>&d
05:58:40.460 [scala-execution-context-global-25] INFO  HelperUtils.Parameters$ - J.ZHH$I8rbe2C7gB7gbf0H7mO6wbf3ya0oBr
05:58:41.551 [scala-execution-context-global-25] INFO  HelperUtils.Parameters$ - Y0T;AAeU+]&!]3+E0~:JwaFn}>cf2bf0cf3bf3ag0ae3j"51l$%OMk=CiG:vJ:l;PcTNk.
05:58:42.644 [scala-execution-context-global-25] INFO  HelperUtils.Parameters$ - DGg-)Pk#\N4d-4;bf0V5qbe2F5rbf3D7su30u9mT/y6hoU~@
05:58:43.875 [scala-execution-context-global-25] INFO  HelperUtils.Parameters$ - h&R5+N7v\osuR9sbe2Z6hbe0ae3H8w*Hxz-Sq2YHzq
05:58:45.388 [scala-execution-context-global-25] INFO  HelperUtils.Parameters$ - $<>nS#-Qbae2K9fbg0ae0A5haf2ae1v!|7c/j#k
05:58:47.362 [scala-execution-context-global-25] INFO  HelperUtils.Parameters$ - 3]9*k%|<%:&,Gx{;=c`~
05:58:48.783 [scala-execution-context-global-25] INFO  HelperUtils.Parameters$ - Z#/%@%K/`Qp1\;pG,H6gbg2bf1Q5wag3^o{Z*_=TVn9cVJ)^3
05:58:50.753 [scala-execution-context-global-25] DEBUG HelperUtils.Parameters$ - 9!*<c>5E?Lr`Nln1C~bX82l!.RHI-HJa$<
05:58:52.031 [scala-execution-context-global-25] INFO  HelperUtils.Parameters$ - =utPa}i|xu*5bv:C
05:58:53.157 [scala-execution-context-global-25] INFO  HelperUtils.Parameters$ - G"fkJC}<Dq>_gKYoWD7ube0bf3R5ibf2ae3gF1>ffh7+sF:kK1Dw
05:58:54.636 [scala-execution-context-global-25] INFO  HelperUtils.Parameters$ - MH:a'nE,A$<u9>>b^o_tL!CSWy`6$7~'`Q0FLst@cAjuHSyQ/7-gys
05:58:56.115 [scala-execution-context-global-25] INFO  HelperUtils.Parameters$ - [Ox,?mZA:~-,+c-F4Z<<mz+{h4+MJ{RjnXU39noHAo_#{g&(`mU.3GQ<
05:58:57.685 [scala-execution-context-global-25] INFO  HelperUtils.Parameters$ - le]DOi`0DCu`2u,uO3:^R`UeVq=U.Q+[xd')1bjj4N`)_p
05:58:59.065 [scala-execution-context-global-25] INFO  HelperUtils.Parameters$ - F.Py4Yf{cu5[q.W3_!
05:59:00.441 [scala-execution-context-global-25] INFO  HelperUtils.Parameters$ - 7R/tCFj:Xi4*rk"iX;SH08D9DIVSag0af3bg2J7sJ6ugnzaooh)3{h^fit>;XEj2#mm"h<I
05:59:01.711 [scala-execution-context-global-25] WARN  HelperUtils.Parameters$ - {=k=oVag3U5nae0S7tG8qO8iI8hO'IuA_
05:59:02.879 [scala-execution-context-global-25] DEBUG HelperUtils.Parameters$ - 2A|>/3m#Lz,;*GRcE@m%82N07>U`Nn?9(FcxU`7tA,
05:59:04.205 [scala-execution-context-global-25] INFO  HelperUtils.Parameters$ - AfNw`$6!4WpwW=m_8/7(qHe2X95%\t@8I"7/(A{SwCW9!W%w'/Z,])26
05:59:05.938 [scala-execution-context-global-25] INFO  HelperUtils.Parameters$ - 0{V_6O:M;I5Mlg1fTQVeX6faf1bf1ag2T8i?EEUt1JFqDrr%qLm"VJ\
05:59:07.363 [scala-execution-context-global-25] INFO  HelperUtils.Parameters$ - $9PD371G^NulzA<|h9\".1rI*9sTb"F=w@}CgJ
05:59:09.210 [scala-execution-context-global-25] WARN  HelperUtils.Parameters$ - y#m?%DgK0x\!iu5@s8
05:59:10.331 [scala-execution-context-global-25] INFO  HelperUtils.Parameters$ - ag!0<Z_Pb4H_DGIILiy{UyF7jag2Z5uag1bf0S\ahcqLK4ppxR+6Qp-_=T!
05:59:11.708 [scala-execution-context-global-25] WARN  HelperUtils.Parameters$ - )9[CUG%dp$|;OrF`bce2H7gae1ag3Y7lQ7pcf3bf2M~(NrcYx>^)8Q&/m~
05:59:13.253 [scala-execution-context-global-25] DEBUG HelperUtils.Parameters$ - ZIBG]qI:8}p:=@yyQ!?JaG5rV8fL7hbg1be3M9uZ7j[ms:}O!cmOZ?(r;hh&OyT
05:59:14.733 [scala-execution-context-global-25] INFO  HelperUtils.Parameters$ - @aAbF"sr}+b5TV'~Iae0P5taf2ae0ce19dphU0;gbtW>qr#R}
05:59:16.174 [scala-execution-context-global-25] INFO  HelperUtils.Parameters$ - +1!Pyd`3V$m%*IqCk;lZ^u+W@$_ae0F5lag0I5iV5nU5uaTB?HcPBff0.P%K'GsuF_5pfjDp
05:59:18.030 [scala-execution-context-global-25] WARN  HelperUtils.Parameters$ - g]iqRY3"J9OvoDL~]C*^?ay2TH^sN>Qkr!
05:59:19.485 [scala-execution-context-global-25] WARN  HelperUtils.Parameters$ - wXMJ@F^%J^=w5#H/*+=FOX<6F&|ce2af1F8lbf2P8oZ5vV8taf3ae2F5jY';{bL?Yubgu8uTcm*2KIfwd*eA
05:59:21.483 [scala-execution-context-global-25] INFO  HelperUtils.Parameters$ - 'yr2`enjd9O`iJwOCTMPzw(/Ra
05:59:23.389 [scala-execution-context-global-25] INFO  HelperUtils.Parameters$ - 'eFXqpl^7P:$#Gi\7UA#x'8Faf0cg2B6tI5uC6rs#4&x/G@#sPEK<_uIDu'AHh%
05:59:25.142 [scala-execution-context-global-25] INFO  HelperUtils.Parameters$ - qie$~Rz$oN/1em@LpG7fZ7kcf1D5sU9vV8iaBL`Jjcuy)F("RF~W
05:59:26.888 [scala-execution-context-global-25] INFO  HelperUtils.Parameters$ - &lc]ZoGiFm4#H_y&V'6/!_gV5jA6vQ7iR9mae1ae2.C\>UpNO'i.1_s"(!mOC%an
05:59:27.956 [scala-execution-context-global-25] INFO  HelperUtils.Parameters$ - d:phzBm[|86C*=i$f)u%rUt04ASc
05:59:29.087 [scala-execution-context-global-25] INFO  HelperUtils.Parameters$ - 56o517n+"q-[X8fI9kae3cg3M9uag1PtK%;?8<xa2~
05:59:30.135 [scala-execution-context-global-25] INFO  HelperUtils.Parameters$ - 4]QC?>CkEbe1B9qS8iD9pae2}U?@R7r~0
05:59:31.173 [scala-execution-context-global-25] INFO  HelperUtils.Parameters$ - _x`kEDaNVM{@*'Xcrmj6]iQ*dQ
05:59:33.111 [scala-execution-context-global-25] WARN  HelperUtils.Parameters$ - tb'#Hb.zwvo7PTiXEUAce2A5mW6hF7rbg3K8tbe1ce1I7jQ!j[K\CftDW2;IBw*_N
05:59:34.189 [scala-execution-context-global-25] INFO  HelperUtils.Parameters$ - <DYmYxoyr`bg1R9gcg0G9vC6rB8jq]T{Rx[Xj1
05:59:35.820 [scala-execution-context-global-25] WARN  HelperUtils.Parameters$ - 2PI!VV;oaREWJ~K&2g
05:59:37.036 [scala-execution-context-global-25] INFO  HelperUtils.Parameters$ - zbX8M3H|[?.iz>H"-Oixj2&I:`V&ZJ%K>u"R%;JMc_r}{E?e{,L^
05:59:38.955 [scala-execution-context-global-25] DEBUG HelperUtils.Parameters$ - lqw9.+.Tx:QZ`ti`SMWaDL*Mt<z-r3IU
05:59:40.273 [scala-execution-context-global-25] INFO  HelperUtils.Parameters$ - $946=&TC7:R\BzoOj:dg;CCrnpKTSS|Ma5c7~e8$n,a<
05:59:41.900 [scala-execution-context-global-25] DEBUG HelperUtils.Parameters$ - 87r)hQ'xf:U]g.2cg1Z6rag1C8mJ5nG8hbe3X9kX'78^S;2xA{7&nH
05:59:43.532 [scala-execution-context-global-25] INFO  HelperUtils.Parameters$ - {}Gl_:SGQOTizfs=[lH3RULZ"1FoQU.ga_+nS7ryxe?3
05:59:44.950 [scala-execution-context-global-25] INFO  HelperUtils.Parameters$ - !tklIN$!K#%gTz?gD?bf3be3I6pR9ncg1+=>y-r1XE3c0TjGWqH
05:59:46.069 [scala-execution-context-global-25] WARN  HelperUtils.Parameters$ - vJg9T9RQ4i:>:#+_?JIq_H!gySq<D:d&3x+OCW3us;ve/Y)C^*
05:59:47.249 [scala-execution-context-global-25] WARN  HelperUtils.Parameters$ - c}3o~AdlHQ?N>dor(LJCUM%j&o{.oCI*
05:59:49.063 [scala-execution-context-global-25] INFO  HelperUtils.Parameters$ - 1blPN+HAyv&)6$c_Tu.L9jX):_VRJ]9tZ%
05:59:51.043 [scala-execution-context-global-25] WARN  HelperUtils.Parameters$ - qg~^ICLt(8g+af1ce0K6paf0J6w1R(fWzUa9['_
05:59:52.726 [scala-execution-context-global-25] WARN  HelperUtils.Parameters$ - b+`Tv(xXEd9_rqQ]+T}K&h;Ggo
05:59:53.873 [scala-execution-context-global-25] INFO  HelperUtils.Parameters$ - ,yjCr<*Dc\Q.BT/af2ae2X6pcf0be3H6j!"AgQm/$;DZse9G
05:59:55.595 [scala-execution-context-global-25] INFO  HelperUtils.Parameters$ - 6$dNs.HcKYlpmcg2I9kI7vce3V8f$oC_vzyb?QFY[
05:59:56.632 [scala-execution-context-global-25] WARN  HelperUtils.Parameters$ - -..7`Z%E^A-;riKBH0oj^6Al
05:59:58.570 [scala-execution-context-global-25] DEBUG HelperUtils.Parameters$ - -$R6g[Gdc}YBqX:dQM@|.s
06:00:00.506 [scala-execution-context-global-25] DEBUG HelperUtils.Parameters$ - tvi?}v],ZTp#n60]!YW.s++rCRzK6gbf1Q7sD5wae0C5f<={G?XhM)kF0t|YA~g`2>egSSb8
06:00:02.505 [scala-execution-context-global-25] INFO  HelperUtils.Parameters$ - w<:CQj9TXayb1D-Lbs=vLX#%^}b="R;s>@X879?MNno/-C['*/<c32*scj
06:00:03.674 [scala-execution-context-global-25] INFO  HelperUtils.Parameters$ - :/SE"fUiK7uB9oM8tbf2X5mce1A8hmb{yQBIU
06:00:05.218 [scala-execution-context-global-25] INFO  HelperUtils.Parameters$ - 1IWd6#sL2*QXZ}%1g\L*}0^wqW&ao|19
06:00:06.873 [scala-execution-context-global-25] INFO  HelperUtils.Parameters$ - EA1GCN9's-r&jIF|UHC9lce0M7lE9nY5fcf0Y6f}na(X^E[8x7<gp9,sv
06:00:08.766 [scala-execution-context-global-25] WARN  HelperUtils.Parameters$ - T"b80-p7{$|<*W[mH\Ur@WvcpTAM#K6.2DV[Y$dk]Q$5!Ogg6hoi
06:00:10.379 [scala-execution-context-global-25] INFO  HelperUtils.Parameters$ - GuMuoc65Rhi`x3:^@4.:0J<o
06:00:11.707 [scala-execution-context-global-25] WARN  HelperUtils.Parameters$ - ?C;qR_>Q+\~sRZ
06:00:13.633 [scala-execution-context-global-25] INFO  HelperUtils.Parameters$ - "DJIy{~thE\b>oii6Oo,cI\olXLAt>[Lcs{rUeHI+]\;H0[Y4F$p
06:00:15.110 [scala-execution-context-global-25] WARN  HelperUtils.Parameters$ - QHu>cVJ'R[!l@2A<v;!!Gdg/j#F/Gi)(6Z~]A1iTdfw`_Ltv3\R>
06:00:16.248 [scala-execution-context-global-25] INFO  HelperUtils.Parameters$ - O268't&qSFY6iM8rH5qae0R6hO5skBkng}SCL2
06:00:16.248 [main] INFO  HelperUtils.Parameters$ - Log data generation has completed after generating 300 records.
